<?xml version="1.0" encoding="UTF-8"?>
<testsuites>
  <testsuite name="" tests="20" assertions="39" errors="0" warnings="0" failures="0" skipped="0" time="0.025184">
    <testsuite name="Project Test Suite" tests="20" assertions="39" errors="0" warnings="0" failures="0" skipped="0" time="0.025184">
      <testsuite name="App\Card\CardHandTest" file="/Users/hannaarvidsson/dbwebb-kurser/mvc/me/report/tests/Card/CardHandTest.php" tests="2" assertions="6" errors="0" warnings="0" failures="0" skipped="0" time="0.005535">
        <testcase name="testCreateCardHandObject" class="App\Card\CardHandTest" classname="App.Card.CardHandTest" file="/Users/hannaarvidsson/dbwebb-kurser/mvc/me/report/tests/Card/CardHandTest.php" line="15" assertions="1" time="0.004660"/>
        <testcase name="testGetCardhandArray" class="App\Card\CardHandTest" classname="App.Card.CardHandTest" file="/Users/hannaarvidsson/dbwebb-kurser/mvc/me/report/tests/Card/CardHandTest.php" line="28" assertions="5" time="0.000876"/>
      </testsuite>
      <testsuite name="App\Card\CardTest" file="/Users/hannaarvidsson/dbwebb-kurser/mvc/me/report/tests/Card/CardTest.php" tests="3" assertions="3" errors="0" warnings="0" failures="0" skipped="0" time="0.000474">
        <testcase name="testCreateCardObject" class="App\Card\CardTest" classname="App.Card.CardTest" file="/Users/hannaarvidsson/dbwebb-kurser/mvc/me/report/tests/Card/CardTest.php" line="12" assertions="1" time="0.000158"/>
        <testcase name="testGetString" class="App\Card\CardTest" classname="App.Card.CardTest" file="/Users/hannaarvidsson/dbwebb-kurser/mvc/me/report/tests/Card/CardTest.php" line="18" assertions="1" time="0.000154"/>
        <testcase name="testGetRank" class="App\Card\CardTest" classname="App.Card.CardTest" file="/Users/hannaarvidsson/dbwebb-kurser/mvc/me/report/tests/Card/CardTest.php" line="25" assertions="1" time="0.000161"/>
      </testsuite>
      <testsuite name="App\Card\DeckOfCardTest" file="/Users/hannaarvidsson/dbwebb-kurser/mvc/me/report/tests/Card/DeckOfCardTest.php" tests="4" assertions="7" errors="0" warnings="0" failures="0" skipped="0" time="0.004212">
        <testcase name="testCreatePrettyDeck" class="App\Card\DeckOfCardTest" classname="App.Card.DeckOfCardTest" file="/Users/hannaarvidsson/dbwebb-kurser/mvc/me/report/tests/Card/DeckOfCardTest.php" line="15" assertions="1" time="0.000738"/>
        <testcase name="testArrayAndString" class="App\Card\DeckOfCardTest" classname="App.Card.DeckOfCardTest" file="/Users/hannaarvidsson/dbwebb-kurser/mvc/me/report/tests/Card/DeckOfCardTest.php" line="24" assertions="3" time="0.001254"/>
        <testcase name="testShuffleDeck" class="App\Card\DeckOfCardTest" classname="App.Card.DeckOfCardTest" file="/Users/hannaarvidsson/dbwebb-kurser/mvc/me/report/tests/Card/DeckOfCardTest.php" line="38" assertions="1" time="0.001945"/>
        <testcase name="testDraw" class="App\Card\DeckOfCardTest" classname="App.Card.DeckOfCardTest" file="/Users/hannaarvidsson/dbwebb-kurser/mvc/me/report/tests/Card/DeckOfCardTest.php" line="50" assertions="2" time="0.000275"/>
      </testsuite>
      <testsuite name="App\Card\GameHelpTest" file="/Users/hannaarvidsson/dbwebb-kurser/mvc/me/report/tests/Card/GameHelpTest.php" tests="6" assertions="6" errors="0" warnings="0" failures="0" skipped="0" time="0.013113">
        <testcase name="testCreateShuffledDeck" class="App\Card\GameHelpTest" classname="App.Card.GameHelpTest" file="/Users/hannaarvidsson/dbwebb-kurser/mvc/me/report/tests/Card/GameHelpTest.php" line="14" assertions="1" time="0.000628"/>
        <testcase name="testScoreReturnsRightMessage" class="App\Card\GameHelpTest" classname="App.Card.GameHelpTest" file="/Users/hannaarvidsson/dbwebb-kurser/mvc/me/report/tests/Card/GameHelpTest.php" line="21" assertions="1" time="0.011312"/>
        <testcase name="testScoreReturnsRightMessage2" class="App\Card\GameHelpTest" classname="App.Card.GameHelpTest" file="/Users/hannaarvidsson/dbwebb-kurser/mvc/me/report/tests/Card/GameHelpTest.php" line="39" assertions="1" time="0.000307"/>
        <testcase name="testScoreReturnsRightMessage3" class="App\Card\GameHelpTest" classname="App.Card.GameHelpTest" file="/Users/hannaarvidsson/dbwebb-kurser/mvc/me/report/tests/Card/GameHelpTest.php" line="57" assertions="1" time="0.000298"/>
        <testcase name="testScoreReturnsRightMessage4" class="App\Card\GameHelpTest" classname="App.Card.GameHelpTest" file="/Users/hannaarvidsson/dbwebb-kurser/mvc/me/report/tests/Card/GameHelpTest.php" line="75" assertions="1" time="0.000290"/>
        <testcase name="testScoreReturnsRightMessage5" class="App\Card\GameHelpTest" classname="App.Card.GameHelpTest" file="/Users/hannaarvidsson/dbwebb-kurser/mvc/me/report/tests/Card/GameHelpTest.php" line="93" assertions="1" time="0.000278"/>
      </testsuite>
      <testsuite name="App\Card\PrettyDeckTest" file="/Users/hannaarvidsson/dbwebb-kurser/mvc/me/report/tests/Card/PrettyDeckTest.php" tests="1" assertions="1" errors="0" warnings="0" failures="0" skipped="0" time="0.000605">
        <testcase name="testCreatePrettyDeck" class="App\Card\PrettyDeckTest" classname="App.Card.PrettyDeckTest" file="/Users/hannaarvidsson/dbwebb-kurser/mvc/me/report/tests/Card/PrettyDeckTest.php" line="12" assertions="1" time="0.000605"/>
      </testsuite>
      <testsuite name="App\Card\ProjHelpTest" file="/Users/hannaarvidsson/dbwebb-kurser/mvc/me/report/tests/Card/ProjHelpTest.php" tests="4" assertions="16" errors="0" warnings="0" failures="0" skipped="0" time="0.001246">
        <testcase name="testScore2ReturnsRightString" class="App\Card\ProjHelpTest" classname="App.Card.ProjHelpTest" file="/Users/hannaarvidsson/dbwebb-kurser/mvc/me/report/tests/Card/ProjHelpTest.php" line="12" assertions="5" time="0.000634"/>
        <testcase name="testScore2Winnings" class="App\Card\ProjHelpTest" classname="App.Card.ProjHelpTest" file="/Users/hannaarvidsson/dbwebb-kurser/mvc/me/report/tests/Card/ProjHelpTest.php" line="37" assertions="5" time="0.000230"/>
        <testcase name="testCountPointsForCardhand" class="App\Card\ProjHelpTest" classname="App.Card.ProjHelpTest" file="/Users/hannaarvidsson/dbwebb-kurser/mvc/me/report/tests/Card/ProjHelpTest.php" line="63" assertions="2" time="0.000179"/>
        <testcase name="testCorrectWinnings" class="App\Card\ProjHelpTest" classname="App.Card.ProjHelpTest" file="/Users/hannaarvidsson/dbwebb-kurser/mvc/me/report/tests/Card/ProjHelpTest.php" line="77" assertions="4" time="0.000203"/>
      </testsuite>
    </testsuite>
  </testsuite>
</testsuites>
