<?xml version="1.0" encoding="UTF-8"?>
<testsuites>
  <testsuite name="" tests="20" assertions="39" errors="0" warnings="0" failures="0" skipped="0" time="0.024448">
    <testsuite name="Project Test Suite" tests="20" assertions="39" errors="0" warnings="0" failures="0" skipped="0" time="0.024448">
      <testsuite name="App\Card\CardHandTest" file="/Users/hannaarvidsson/dbwebb-kurser/mvc/me/report/tests/Card/CardHandTest.php" tests="2" assertions="6" errors="0" warnings="0" failures="0" skipped="0" time="0.005336">
        <testcase name="testCreateCardHandObject" class="App\Card\CardHandTest" classname="App.Card.CardHandTest" file="/Users/hannaarvidsson/dbwebb-kurser/mvc/me/report/tests/Card/CardHandTest.php" line="15" assertions="1" time="0.004475"/>
        <testcase name="testGetCardhandArray" class="App\Card\CardHandTest" classname="App.Card.CardHandTest" file="/Users/hannaarvidsson/dbwebb-kurser/mvc/me/report/tests/Card/CardHandTest.php" line="28" assertions="5" time="0.000861"/>
      </testsuite>
      <testsuite name="App\Card\CardTest" file="/Users/hannaarvidsson/dbwebb-kurser/mvc/me/report/tests/Card/CardTest.php" tests="3" assertions="3" errors="0" warnings="0" failures="0" skipped="0" time="0.000502">
        <testcase name="testCreateCardObject" class="App\Card\CardTest" classname="App.Card.CardTest" file="/Users/hannaarvidsson/dbwebb-kurser/mvc/me/report/tests/Card/CardTest.php" line="12" assertions="1" time="0.000166"/>
        <testcase name="testGetString" class="App\Card\CardTest" classname="App.Card.CardTest" file="/Users/hannaarvidsson/dbwebb-kurser/mvc/me/report/tests/Card/CardTest.php" line="18" assertions="1" time="0.000166"/>
        <testcase name="testGetRank" class="App\Card\CardTest" classname="App.Card.CardTest" file="/Users/hannaarvidsson/dbwebb-kurser/mvc/me/report/tests/Card/CardTest.php" line="25" assertions="1" time="0.000170"/>
      </testsuite>
      <testsuite name="App\Card\DeckOfCardTest" file="/Users/hannaarvidsson/dbwebb-kurser/mvc/me/report/tests/Card/DeckOfCardTest.php" tests="4" assertions="7" errors="0" warnings="0" failures="0" skipped="0" time="0.004063">
        <testcase name="testCreatePrettyDeck" class="App\Card\DeckOfCardTest" classname="App.Card.DeckOfCardTest" file="/Users/hannaarvidsson/dbwebb-kurser/mvc/me/report/tests/Card/DeckOfCardTest.php" line="15" assertions="1" time="0.000527"/>
        <testcase name="testArrayAndString" class="App\Card\DeckOfCardTest" classname="App.Card.DeckOfCardTest" file="/Users/hannaarvidsson/dbwebb-kurser/mvc/me/report/tests/Card/DeckOfCardTest.php" line="24" assertions="3" time="0.001302"/>
        <testcase name="testShuffleDeck" class="App\Card\DeckOfCardTest" classname="App.Card.DeckOfCardTest" file="/Users/hannaarvidsson/dbwebb-kurser/mvc/me/report/tests/Card/DeckOfCardTest.php" line="38" assertions="1" time="0.001950"/>
        <testcase name="testDraw" class="App\Card\DeckOfCardTest" classname="App.Card.DeckOfCardTest" file="/Users/hannaarvidsson/dbwebb-kurser/mvc/me/report/tests/Card/DeckOfCardTest.php" line="50" assertions="2" time="0.000284"/>
      </testsuite>
      <testsuite name="App\Card\GameHelpTest" file="/Users/hannaarvidsson/dbwebb-kurser/mvc/me/report/tests/Card/GameHelpTest.php" tests="6" assertions="6" errors="0" warnings="0" failures="0" skipped="0" time="0.013078">
        <testcase name="testCreateShuffledDeck" class="App\Card\GameHelpTest" classname="App.Card.GameHelpTest" file="/Users/hannaarvidsson/dbwebb-kurser/mvc/me/report/tests/Card/GameHelpTest.php" line="14" assertions="1" time="0.000455"/>
        <testcase name="testScoreReturnsRightMessage" class="App\Card\GameHelpTest" classname="App.Card.GameHelpTest" file="/Users/hannaarvidsson/dbwebb-kurser/mvc/me/report/tests/Card/GameHelpTest.php" line="21" assertions="1" time="0.011463"/>
        <testcase name="testScoreReturnsRightMessage2" class="App\Card\GameHelpTest" classname="App.Card.GameHelpTest" file="/Users/hannaarvidsson/dbwebb-kurser/mvc/me/report/tests/Card/GameHelpTest.php" line="39" assertions="1" time="0.000327"/>
        <testcase name="testScoreReturnsRightMessage3" class="App\Card\GameHelpTest" classname="App.Card.GameHelpTest" file="/Users/hannaarvidsson/dbwebb-kurser/mvc/me/report/tests/Card/GameHelpTest.php" line="57" assertions="1" time="0.000298"/>
        <testcase name="testScoreReturnsRightMessage4" class="App\Card\GameHelpTest" classname="App.Card.GameHelpTest" file="/Users/hannaarvidsson/dbwebb-kurser/mvc/me/report/tests/Card/GameHelpTest.php" line="75" assertions="1" time="0.000274"/>
        <testcase name="testScoreReturnsRightMessage5" class="App\Card\GameHelpTest" classname="App.Card.GameHelpTest" file="/Users/hannaarvidsson/dbwebb-kurser/mvc/me/report/tests/Card/GameHelpTest.php" line="93" assertions="1" time="0.000261"/>
      </testsuite>
      <testsuite name="App\Card\PrettyDeckTest" file="/Users/hannaarvidsson/dbwebb-kurser/mvc/me/report/tests/Card/PrettyDeckTest.php" tests="1" assertions="1" errors="0" warnings="0" failures="0" skipped="0" time="0.000437">
        <testcase name="testCreatePrettyDeck" class="App\Card\PrettyDeckTest" classname="App.Card.PrettyDeckTest" file="/Users/hannaarvidsson/dbwebb-kurser/mvc/me/report/tests/Card/PrettyDeckTest.php" line="12" assertions="1" time="0.000437"/>
      </testsuite>
      <testsuite name="App\Card\ProjHelpTest" file="/Users/hannaarvidsson/dbwebb-kurser/mvc/me/report/tests/Card/ProjHelpTest.php" tests="4" assertions="16" errors="0" warnings="0" failures="0" skipped="0" time="0.001033">
        <testcase name="testScore2ReturnsRightString" class="App\Card\ProjHelpTest" classname="App.Card.ProjHelpTest" file="/Users/hannaarvidsson/dbwebb-kurser/mvc/me/report/tests/Card/ProjHelpTest.php" line="13" assertions="5" time="0.000451"/>
        <testcase name="testScore2Winnings" class="App\Card\ProjHelpTest" classname="App.Card.ProjHelpTest" file="/Users/hannaarvidsson/dbwebb-kurser/mvc/me/report/tests/Card/ProjHelpTest.php" line="38" assertions="5" time="0.000199"/>
        <testcase name="testCountPointsForCardhand" class="App\Card\ProjHelpTest" classname="App.Card.ProjHelpTest" file="/Users/hannaarvidsson/dbwebb-kurser/mvc/me/report/tests/Card/ProjHelpTest.php" line="64" assertions="2" time="0.000180"/>
        <testcase name="testCorrectWinnings" class="App\Card\ProjHelpTest" classname="App.Card.ProjHelpTest" file="/Users/hannaarvidsson/dbwebb-kurser/mvc/me/report/tests/Card/ProjHelpTest.php" line="78" assertions="4" time="0.000203"/>
      </testsuite>
    </testsuite>
  </testsuite>
</testsuites>
